<?xml version="1.0" encoding="UTF-8"?>
<testng-results ignored="0" total="1" passed="1" failed="0" skipped="0">
  <reporter-output>
  </reporter-output>
  <suite started-at="2024-04-02T11:31:17Z" name="Default suite" finished-at="2024-04-02T11:32:05Z" duration-ms="47992">
    <groups>
    </groups>
    <test started-at="2024-04-02T11:31:17Z" name="Default test" finished-at="2024-04-02T11:32:05Z" duration-ms="47992">
      <class name="com.calculator.Addition_Functionality_Check">
        <test-method is-config="true" signature="setUp()[pri:0, instance:com.calculator.Addition_Functionality_Check@45312be2]" started-at="2024-04-02T11:31:17Z" name="setUp" finished-at="2024-04-02T11:31:25Z" duration-ms="8092" status="PASS">
          <reporter-output>
          </reporter-output>
        </test-method> <!-- setUp -->
        <test-method signature="Add()[pri:0, instance:com.calculator.Addition_Functionality_Check@45312be2]" started-at="2024-04-02T11:31:25Z" name="Add" finished-at="2024-04-02T11:32:05Z" duration-ms="39476" status="PASS">
          <reporter-output>
          </reporter-output>
        </test-method> <!-- Add -->
        <test-method is-config="true" signature="tearDown()[pri:0, instance:com.calculator.Addition_Functionality_Check@45312be2]" started-at="2024-04-02T11:32:05Z" name="tearDown" finished-at="2024-04-02T11:32:05Z" duration-ms="407" status="PASS">
          <reporter-output>
          </reporter-output>
        </test-method> <!-- tearDown -->
      </class> <!-- com.calculator.Addition_Functionality_Check -->
    </test> <!-- Default test -->
  </suite> <!-- Default suite -->
</testng-results>
