<?xml version="1.0" encoding="UTF-8"?>
<testng-results ignored="0" total="1" passed="1" failed="0" skipped="0">
  <reporter-output>
    <line>
      <![CDATA[Execution 1]]>
    </line>
    <line>
      <![CDATA[Execution 1]]>
    </line>
  </reporter-output>
  <suite started-at="2024-04-03T13:33:34Z" name="Default suite" finished-at="2024-04-03T13:34:14Z" duration-ms="40007">
    <groups>
    </groups>
    <test started-at="2024-04-03T13:33:34Z" name="Default test" finished-at="2024-04-03T13:34:14Z" duration-ms="40007">
      <class name="com.Instagram.Chat">
        <test-method is-config="true" signature="setUp()[pri:0, instance:com.Instagram.Chat@45312be2]" started-at="2024-04-03T13:33:34Z" name="setUp" finished-at="2024-04-03T13:33:43Z" duration-ms="9401" status="PASS">
          <reporter-output>
          </reporter-output>
        </test-method> <!-- setUp -->
        <test-method signature="Add()[pri:0, instance:com.Instagram.Chat@45312be2]" started-at="2024-04-03T13:33:43Z" name="Add" finished-at="2024-04-03T13:34:11Z" duration-ms="28431" status="PASS">
          <reporter-output>
            <line>
              <![CDATA[Execution 1]]>
            </line>
            <line>
              <![CDATA[Execution 1]]>
            </line>
          </reporter-output>
        </test-method> <!-- Add -->
        <test-method is-config="true" signature="tearDown()[pri:0, instance:com.Instagram.Chat@45312be2]" started-at="2024-04-03T13:34:11Z" name="tearDown" finished-at="2024-04-03T13:34:14Z" duration-ms="2156" status="PASS">
          <reporter-output>
          </reporter-output>
        </test-method> <!-- tearDown -->
      </class> <!-- com.Instagram.Chat -->
    </test> <!-- Default test -->
  </suite> <!-- Default suite -->
</testng-results>
